<?xml version="1.0" encoding="UTF-8" ?>
<testsuite tests="3" failures="0" name="com.vypersw.HttpHelperTest" time="0.012" errors="0" skipped="0">
  <properties>
[...]
</properties>
  <testcase classname="com.vypersw.HttpHelperTest" name="testThatBuildGetHttpRequestUsesCorrectURIPassedIn" time="0.009"/>
  <testcase classname="com.vypersw.HttpHelperTest" name="testThatBuildGetHttpRequestUsesApplicationJSONAsContentType" time="0.003"/>
  <testcase classname="com.vypersw.HttpHelperTest" name="testThatBuildGetHttpRequestUsesGETMethod" time="0"/>
</testsuite>